This is pdfTeX, Version 3.141592653-2.6-1.40.25 (TeX Live 2023/Debian) (preloaded format=pdflatex 2024.7.24)  24 JUN 2025 08:45
entering extended mode
 restricted \write18 enabled.
 %&-line parsing enabled.
**master.tex
(./master.tex
LaTeX2e <2023-11-01> patch level 1
L3 programming layer <2024-01-22>
(/usr/share/texlive/texmf-dist/tex/latex/base/article.cls
Document Class: article 2023/05/17 v1.4n Standard LaTeX document class
(/usr/share/texlive/texmf-dist/tex/latex/base/size12.clo
File: size12.clo 2023/05/17 v1.4n Standard LaTeX file (size option)
)
\c@part=\count187
\c@section=\count188
\c@subsection=\count189
\c@subsubsection=\count190
\c@paragraph=\count191
\c@subparagraph=\count192
\c@figure=\count193
\c@table=\count194
\abovecaptionskip=\skip48
\belowcaptionskip=\skip49
\bibindent=\dimen140
)
(/usr/share/texlive/texmf-dist/tex/latex/base/inputenc.sty
Package: inputenc 2021/02/14 v1.3d Input encoding file
\inpenc@prehook=\toks17
\inpenc@posthook=\toks18
)
(/usr/share/texlive/texmf-dist/tex/latex/graphics/graphicx.sty
Package: graphicx 2021/09/16 v1.2d Enhanced LaTeX Graphics (DPC,SPQR)

(/usr/share/texlive/texmf-dist/tex/latex/graphics/keyval.sty
Package: keyval 2022/05/29 v1.15 key=value parser (DPC)
\KV@toks@=\toks19
)
(/usr/share/texlive/texmf-dist/tex/latex/graphics/graphics.sty
Package: graphics 2022/03/10 v1.4e Standard LaTeX Graphics (DPC,SPQR)

(/usr/share/texlive/texmf-dist/tex/latex/graphics/trig.sty
Package: trig 2021/08/11 v1.11 sin cos tan (DPC)
)
(/usr/share/texlive/texmf-dist/tex/latex/graphics-cfg/graphics.cfg
File: graphics.cfg 2016/06/04 v1.11 sample graphics configuration
)
Package graphics Info: Driver file: pdftex.def on input line 107.

(/usr/share/texlive/texmf-dist/tex/latex/graphics-def/pdftex.def
File: pdftex.def 2022/09/22 v1.2b Graphics/color driver for pdftex
))
\Gin@req@height=\dimen141
\Gin@req@width=\dimen142
)
(/usr/share/texlive/texmf-dist/tex/latex/amsmath/amsmath.sty
Package: amsmath 2023/05/13 v2.17o AMS math features
\@mathmargin=\skip50

For additional information on amsmath, use the `?' option.
(/usr/share/texlive/texmf-dist/tex/latex/amsmath/amstext.sty
Package: amstext 2021/08/26 v2.01 AMS text

(/usr/share/texlive/texmf-dist/tex/latex/amsmath/amsgen.sty
File: amsgen.sty 1999/11/30 v2.0 generic functions
\@emptytoks=\toks20
\ex@=\dimen143
))
(/usr/share/texlive/texmf-dist/tex/latex/amsmath/amsbsy.sty
Package: amsbsy 1999/11/29 v1.2d Bold Symbols
\pmbraise@=\dimen144
)
(/usr/share/texlive/texmf-dist/tex/latex/amsmath/amsopn.sty
Package: amsopn 2022/04/08 v2.04 operator names
)
\inf@bad=\count195
LaTeX Info: Redefining \frac on input line 234.
\uproot@=\count196
\leftroot@=\count197
LaTeX Info: Redefining \overline on input line 399.
LaTeX Info: Redefining \colon on input line 410.
\classnum@=\count198
\DOTSCASE@=\count199
LaTeX Info: Redefining \ldots on input line 496.
LaTeX Info: Redefining \dots on input line 499.
LaTeX Info: Redefining \cdots on input line 620.
\Mathstrutbox@=\box51
\strutbox@=\box52
LaTeX Info: Redefining \big on input line 722.
LaTeX Info: Redefining \Big on input line 723.
LaTeX Info: Redefining \bigg on input line 724.
LaTeX Info: Redefining \Bigg on input line 725.
\big@size=\dimen145
LaTeX Font Info:    Redeclaring font encoding OML on input line 743.
LaTeX Font Info:    Redeclaring font encoding OMS on input line 744.
\macc@depth=\count266
LaTeX Info: Redefining \bmod on input line 905.
LaTeX Info: Redefining \pmod on input line 910.
LaTeX Info: Redefining \smash on input line 940.
LaTeX Info: Redefining \relbar on input line 970.
LaTeX Info: Redefining \Relbar on input line 971.
\c@MaxMatrixCols=\count267
\dotsspace@=\muskip16
\c@parentequation=\count268
\dspbrk@lvl=\count269
\tag@help=\toks21
\row@=\count270
\column@=\count271
\maxfields@=\count272
\andhelp@=\toks22
\eqnshift@=\dimen146
\alignsep@=\dimen147
\tagshift@=\dimen148
\tagwidth@=\dimen149
\totwidth@=\dimen150
\lineht@=\dimen151
\@envbody=\toks23
\multlinegap=\skip51
\multlinetaggap=\skip52
\mathdisplay@stack=\toks24
LaTeX Info: Redefining \[ on input line 2953.
LaTeX Info: Redefining \] on input line 2954.
)
(/usr/share/texlive/texmf-dist/tex/latex/amsfonts/amssymb.sty
Package: amssymb 2013/01/14 v3.01 AMS font symbols

(/usr/share/texlive/texmf-dist/tex/latex/amsfonts/amsfonts.sty
Package: amsfonts 2013/01/14 v3.01 Basic AMSFonts support
\symAMSa=\mathgroup4
\symAMSb=\mathgroup5
LaTeX Font Info:    Redeclaring math symbol \hbar on input line 98.
LaTeX Font Info:    Overwriting math alphabet `\mathfrak' in version `bold'
(Font)                  U/euf/m/n --> U/euf/b/n on input line 106.
))
(/usr/share/texlive/texmf-dist/tex/latex/hyperref/hyperref.sty
Package: hyperref 2024-01-20 v7.01h Hypertext links for LaTeX

(/usr/share/texlive/texmf-dist/tex/generic/iftex/iftex.sty
Package: iftex 2022/02/03 v1.0f TeX engine tests
)
(/usr/share/texlive/texmf-dist/tex/latex/kvsetkeys/kvsetkeys.sty
Package: kvsetkeys 2022-10-05 v1.19 Key value parser (HO)
)
(/usr/share/texlive/texmf-dist/tex/generic/kvdefinekeys/kvdefinekeys.sty
Package: kvdefinekeys 2019-12-19 v1.6 Define keys (HO)
)
(/usr/share/texlive/texmf-dist/tex/generic/pdfescape/pdfescape.sty
Package: pdfescape 2019/12/09 v1.15 Implements pdfTeX's escape features (HO)

(/usr/share/texlive/texmf-dist/tex/generic/ltxcmds/ltxcmds.sty
Package: ltxcmds 2023-12-04 v1.26 LaTeX kernel commands for general use (HO)
)
(/usr/share/texlive/texmf-dist/tex/generic/pdftexcmds/pdftexcmds.sty
Package: pdftexcmds 2020-06-27 v0.33 Utility functions of pdfTeX for LuaTeX (HO
)

(/usr/share/texlive/texmf-dist/tex/generic/infwarerr/infwarerr.sty
Package: infwarerr 2019/12/03 v1.5 Providing info/warning/error messages (HO)
)
Package pdftexcmds Info: \pdf@primitive is available.
Package pdftexcmds Info: \pdf@ifprimitive is available.
Package pdftexcmds Info: \pdfdraftmode found.
))
(/usr/share/texlive/texmf-dist/tex/latex/hycolor/hycolor.sty
Package: hycolor 2020-01-27 v1.10 Color options for hyperref/bookmark (HO)
)
(/usr/share/texlive/texmf-dist/tex/latex/auxhook/auxhook.sty
Package: auxhook 2019-12-17 v1.6 Hooks for auxiliary files (HO)
)
(/usr/share/texlive/texmf-dist/tex/latex/hyperref/nameref.sty
Package: nameref 2023-11-26 v2.56 Cross-referencing by name of section

(/usr/share/texlive/texmf-dist/tex/latex/refcount/refcount.sty
Package: refcount 2019/12/15 v3.6 Data extraction from label references (HO)
)
(/usr/share/texlive/texmf-dist/tex/generic/gettitlestring/gettitlestring.sty
Package: gettitlestring 2019/12/15 v1.6 Cleanup title references (HO)

(/usr/share/texlive/texmf-dist/tex/latex/kvoptions/kvoptions.sty
Package: kvoptions 2022-06-15 v3.15 Key value format for package options (HO)
))
\c@section@level=\count273
)
(/usr/share/texlive/texmf-dist/tex/latex/etoolbox/etoolbox.sty
Package: etoolbox 2020/10/05 v2.5k e-TeX tools for LaTeX (JAW)
\etb@tempcnta=\count274
)
\@linkdim=\dimen152
\Hy@linkcounter=\count275
\Hy@pagecounter=\count276

(/usr/share/texlive/texmf-dist/tex/latex/hyperref/pd1enc.def
File: pd1enc.def 2024-01-20 v7.01h Hyperref: PDFDocEncoding definition (HO)
Now handling font encoding PD1 ...
... no UTF-8 mapping file for font encoding PD1
)
(/usr/share/texlive/texmf-dist/tex/generic/intcalc/intcalc.sty
Package: intcalc 2019/12/15 v1.3 Expandable calculations with integers (HO)
)
\Hy@SavedSpaceFactor=\count277

(/usr/share/texlive/texmf-dist/tex/latex/hyperref/puenc.def
File: puenc.def 2024-01-20 v7.01h Hyperref: PDF Unicode definition (HO)
Now handling font encoding PU ...
... no UTF-8 mapping file for font encoding PU
)
Package hyperref Info: Hyper figures OFF on input line 4179.
Package hyperref Info: Link nesting OFF on input line 4184.
Package hyperref Info: Hyper index ON on input line 4187.
Package hyperref Info: Plain pages OFF on input line 4194.
Package hyperref Info: Backreferencing OFF on input line 4199.
Package hyperref Info: Implicit mode ON; LaTeX internals redefined.
Package hyperref Info: Bookmarks ON on input line 4446.
\c@Hy@tempcnt=\count278

(/usr/share/texlive/texmf-dist/tex/latex/url/url.sty
\Urlmuskip=\muskip17
Package: url 2013/09/16  ver 3.4  Verb mode for urls, etc.
)
LaTeX Info: Redefining \url on input line 4784.
\XeTeXLinkMargin=\dimen153

(/usr/share/texlive/texmf-dist/tex/generic/bitset/bitset.sty
Package: bitset 2019/12/09 v1.3 Handle bit-vector datatype (HO)

(/usr/share/texlive/texmf-dist/tex/generic/bigintcalc/bigintcalc.sty
Package: bigintcalc 2019/12/15 v1.5 Expandable calculations on big integers (HO
)
))
\Fld@menulength=\count279
\Field@Width=\dimen154
\Fld@charsize=\dimen155
Package hyperref Info: Hyper figures OFF on input line 6063.
Package hyperref Info: Link nesting OFF on input line 6068.
Package hyperref Info: Hyper index ON on input line 6071.
Package hyperref Info: backreferencing OFF on input line 6078.
Package hyperref Info: Link coloring OFF on input line 6083.
Package hyperref Info: Link coloring with OCG OFF on input line 6088.
Package hyperref Info: PDF/A mode OFF on input line 6093.

(/usr/share/texlive/texmf-dist/tex/latex/base/atbegshi-ltx.sty
Package: atbegshi-ltx 2021/01/10 v1.0c Emulation of the original atbegshi
package with kernel methods
)
\Hy@abspage=\count280
\c@Item=\count281
\c@Hfootnote=\count282
)
Package hyperref Info: Driver (autodetected): hpdftex.

(/usr/share/texlive/texmf-dist/tex/latex/hyperref/hpdftex.def
File: hpdftex.def 2024-01-20 v7.01h Hyperref driver for pdfTeX

(/usr/share/texlive/texmf-dist/tex/latex/base/atveryend-ltx.sty
Package: atveryend-ltx 2020/08/19 v1.0a Emulation of the original atveryend pac
kage
with kernel methods
)
\Fld@listcount=\count283
\c@bookmark@seq@number=\count284

(/usr/share/texlive/texmf-dist/tex/latex/rerunfilecheck/rerunfilecheck.sty
Package: rerunfilecheck 2022-07-10 v1.10 Rerun checks for auxiliary files (HO)

(/usr/share/texlive/texmf-dist/tex/generic/uniquecounter/uniquecounter.sty
Package: uniquecounter 2019/12/15 v1.4 Provide unlimited unique counter (HO)
)
Package uniquecounter Info: New unique counter `rerunfilecheck' on input line 2
85.
)
\Hy@SectionHShift=\skip53
)
(/usr/share/texlive/texmf-dist/tex/latex/fancyvrb/fancyvrb.sty
Package: fancyvrb 2024/01/20 4.5c verbatim text (tvz,hv)
\FV@CodeLineNo=\count285
\FV@InFile=\read2
\FV@TabBox=\box53
\c@FancyVerbLine=\count286
\FV@StepNumber=\count287
\FV@OutFile=\write3
)
(/usr/share/texlive/texmf-dist/tex/latex/l3backend/l3backend-pdftex.def
File: l3backend-pdftex.def 2024-01-04 L3 backend support: PDF output (pdfTeX)
\l__color_backend_stack_int=\count288
\l__pdf_internal_box=\box54
)
No file master.aux.
\openout1 = `master.aux'.

LaTeX Font Info:    Checking defaults for OML/cmm/m/it on input line 13.
LaTeX Font Info:    ... okay on input line 13.
LaTeX Font Info:    Checking defaults for OMS/cmsy/m/n on input line 13.
LaTeX Font Info:    ... okay on input line 13.
LaTeX Font Info:    Checking defaults for OT1/cmr/m/n on input line 13.
LaTeX Font Info:    ... okay on input line 13.
LaTeX Font Info:    Checking defaults for T1/cmr/m/n on input line 13.
LaTeX Font Info:    ... okay on input line 13.
LaTeX Font Info:    Checking defaults for TS1/cmr/m/n on input line 13.
LaTeX Font Info:    ... okay on input line 13.
LaTeX Font Info:    Checking defaults for OMX/cmex/m/n on input line 13.
LaTeX Font Info:    ... okay on input line 13.
LaTeX Font Info:    Checking defaults for U/cmr/m/n on input line 13.
LaTeX Font Info:    ... okay on input line 13.
LaTeX Font Info:    Checking defaults for PD1/pdf/m/n on input line 13.
LaTeX Font Info:    ... okay on input line 13.
LaTeX Font Info:    Checking defaults for PU/pdf/m/n on input line 13.
LaTeX Font Info:    ... okay on input line 13.
(/usr/share/texlive/texmf-dist/tex/context/base/mkii/supp-pdf.mkii
[Loading MPS to PDF converter (version 2006.09.02).]
\scratchcounter=\count289
\scratchdimen=\dimen156
\scratchbox=\box55
\nofMPsegments=\count290
\nofMParguments=\count291
\everyMPshowfont=\toks25
\MPscratchCnt=\count292
\MPscratchDim=\dimen157
\MPnumerator=\count293
\makeMPintoPDFobject=\count294
\everyMPtoPDFconversion=\toks26
) (/usr/share/texlive/texmf-dist/tex/latex/epstopdf-pkg/epstopdf-base.sty
Package: epstopdf-base 2020-01-24 v2.11 Base part for package epstopdf
Package epstopdf-base Info: Redefining graphics rule for `.eps' on input line 4
85.

(/usr/share/texlive/texmf-dist/tex/latex/latexconfig/epstopdf-sys.cfg
File: epstopdf-sys.cfg 2010/07/13 v1.3 Configuration of (r)epstopdf for TeX Liv
e
))
Package hyperref Info: Link coloring OFF on input line 13.
\@outlinefile=\write4
\openout4 = `master.out'.

LaTeX Font Info:    Trying to load font information for U+msa on input line 16.


(/usr/share/texlive/texmf-dist/tex/latex/amsfonts/umsa.fd
File: umsa.fd 2013/01/14 v3.01 AMS symbols A
)
LaTeX Font Info:    Trying to load font information for U+msb on input line 16.


(/usr/share/texlive/texmf-dist/tex/latex/amsfonts/umsb.fd
File: umsb.fd 2013/01/14 v3.01 AMS symbols B
)
No file master.toc.
\tf@toc=\write5
\openout5 = `master.toc'.


! LaTeX Error: There's no line here to end.

See the LaTeX manual or LaTeX Companion for explanation.
Type  H <return>  for immediate help.
 ...                                              
                                                  
l.17 \\c
        learpage
? code .
Type <return> to proceed, S to scroll future error messages,
R to run without stopping, Q to run quietly,
I to insert something, E to edit your file,
1 or ... or 9 to ignore the next 1 to 9 tokens of input,
H for help, X to quit.
? 
! Interruption.
\GenericError  ...                                
                                                  \endgroup 
l.17 \\c
        learpage
? 
(./cut.tex
! Undefined control sequence.
l.13     \DeclareCaptionFormat
                              {nocaption}{}
? 
! Undefined control sequence.
l.14     \captionsetup
                      {format=nocaption,aboveskip=0pt,belowskip=0pt}
? 
! Undefined control sequence.
l.16     \floatplacement
                        {figure}{H} % forces figures to be placed at the cor...

? 

! LaTeX Error: Can be used only in preamble.

See the LaTeX manual or LaTeX Companion for explanation.
Type  H <return>  for immediate help.
 ...                                              
                                                  
l.18     \AtBeginDocument
                         {%
? 
! Undefined control sequence.
l.43     \adjustboxset
                      {max size={0.9\linewidth}{0.9\paperheight}}
? 
! Missing number, treated as zero.
<to be read again> 
                   }
l.43     \adjustboxset{max size={0.9\linewidth}
                                               {0.9\paperheight}}
? 
! Illegal unit of measure (pt inserted).
<to be read again> 
                   }
l.43     \adjustboxset{max size={0.9\linewidth}
                                               {0.9\paperheight}}
? 
! Missing number, treated as zero.
<to be read again> 
                   }
l.43 ...{max size={0.9\linewidth}{0.9\paperheight}
                                                  }
? 
! Illegal unit of measure (pt inserted).
<to be read again> 
                   }
l.43 ...{max size={0.9\linewidth}{0.9\paperheight}
                                                  }
? 
! Undefined control sequence.
l.55     \definecolor
                     {urlcolor}{rgb}{0,.145,.698}
? 
! Undefined control sequence.
l.56     \definecolor
                     {linkcolor}{rgb}{.71,0.21,0.01}
? 
! Undefined control sequence.
l.57     \definecolor
                     {citecolor}{rgb}{.12,.54,.11}
? 
! Undefined control sequence.
l.60     \definecolor
                     {ansi-black}{HTML}{3E424D}
? 
! Undefined control sequence.
l.61     \definecolor
                     {ansi-black-intense}{HTML}{282C36}
? 
! Undefined control sequence.
l.62     \definecolor
                     {ansi-red}{HTML}{E75C58}
? 
! Undefined control sequence.
l.63     \definecolor
                     {ansi-red-intense}{HTML}{B22B31}
? 
! Undefined control sequence.
l.64     \definecolor
                     {ansi-green}{HTML}{00A250}
? 
! Undefined control sequence.
l.65     \definecolor
                     {ansi-green-intense}{HTML}{007427}
? 
! Undefined control sequence.
l.66     \definecolor
                     {ansi-yellow}{HTML}{DDB62B}
? 
! Undefined control sequence.
l.67     \definecolor
                     {ansi-yellow-intense}{HTML}{B27D12}
? 
! Undefined control sequence.
l.68     \definecolor
                     {ansi-blue}{HTML}{208FFB}
? 
! Undefined control sequence.
l.69     \definecolor
                     {ansi-blue-intense}{HTML}{0065CA}
? 
! Undefined control sequence.
l.70     \definecolor
                     {ansi-magenta}{HTML}{D160C4}
? 
! Undefined control sequence.
l.71     \definecolor
                     {ansi-magenta-intense}{HTML}{A03196}
? 
! Undefined control sequence.
l.72     \definecolor
                     {ansi-cyan}{HTML}{60C6C8}
? 
! Undefined control sequence.
l.73     \definecolor
                     {ansi-cyan-intense}{HTML}{258F8F}
? 
! Undefined control sequence.
l.74     \definecolor
                     {ansi-white}{HTML}{C5C1B4}
? 
! Undefined control sequence.
l.75     \definecolor
                     {ansi-white-intense}{HTML}{A1A6B2}
? 
! Undefined control sequence.
l.76     \definecolor
                     {ansi-default-inverse-fg}{HTML}{FFFFFF}
? 
! Undefined control sequence.
l.77     \definecolor
                     {ansi-default-inverse-bg}{HTML}{000000}
? 

Overfull \hbox (39.4193pt too wide) in paragraph at lines 60--78
[]\OT1/cmr/m/n/12 ansi-blackHTML3E424D ansi-black-intenseHTML282C36 ansi-redHTM
LE75C58
 []


Overfull \hbox (57.92456pt too wide) in paragraph at lines 60--78
\OT1/cmr/m/n/12 ansi-red-intenseHTMLB22B31 ansi-greenHTML00A250 ansi-green-inte
nseHTML007427
 []


Overfull \hbox (46.91371pt too wide) in paragraph at lines 60--78
\OT1/cmr/m/n/12 ansi-yellowHTMLDDB62B ansi-yellow-intenseHTMLB27D12 ansi-blueHT
ML208FFB
 []


Overfull \hbox (101.49364pt too wide) in paragraph at lines 60--78
\OT1/cmr/m/n/12 ansi-blue-intenseHTML0065CA ansi-magentaHTMLD160C4 ansi-magenta
-intenseHTMLA03196
 []


Overfull \hbox (30.93327pt too wide) in paragraph at lines 60--78
\OT1/cmr/m/n/12 ansi-cyanHTML60C6C8 ansi-cyan-intenseHTML258F8F ansi-whiteHTMLC
5C1B4
 []


Overfull \hbox (3.73914pt too wide) in paragraph at lines 60--78
\OT1/cmr/m/n/12 ansi-white-intenseHTMLA1A6B2 ansi-default-inverse-fgHTMLFFFFFF 
ansi-
 []

! Undefined control sequence.
l.80     \definecolor
                     {outerrorbackground}{HTML}{FFDFDF}
? 
\pandoc@box=\box56
\Wrappedcontinuationbox=\box57
\Wrappedvisiblespacebox=\box58
! Undefined control sequence.
l.344     \definecolor
                      {incolor}{HTML}{303F9F}
? 
! Undefined control sequence.
l.345     \definecolor
                      {outcolor}{HTML}{D84315}
? 
! Undefined control sequence.
l.346     \definecolor
                      {cellborder}{HTML}{CFCFCF}
? 
! Undefined control sequence.
l.347     \definecolor
                      {cellbackground}{HTML}{F7F7F7}
? 

Overfull \hbox (14.50856pt too wide) in paragraph at lines 344--348
[]\OT1/cmr/m/n/12 incolorHTML303F9F out-col-orHTMLD84315 cell-bor-der-HTML-CFCF
CF cell-
 []

Package hyperref Info: Option `breaklinks' set `true' on input line 368.

Package hyperref Warning: Option `colorlinks' has already been used,
(hyperref)                setting the option has no effect on input line 368.

! Undefined control sequence.
l.371     \geometry
                   {verbose,tmargin=1in,bmargin=1in,lmargin=1in,rmargin=1in}
? 
)

! LaTeX Error: There's no line here to end.

See the LaTeX manual or LaTeX Companion for explanation.
Type  H <return>  for immediate help.
 ...                                              
                                                  
l.20 \\c
        learpage
? 
(./grep.tex
! Undefined control sequence.
l.13     \DeclareCaptionFormat
                              {nocaption}{}
? 
! Undefined control sequence.
l.14     \captionsetup
                      {format=nocaption,aboveskip=0pt,belowskip=0pt}
? 
! Undefined control sequence.
l.16     \floatplacement
                        {figure}{H} % forces figures to be placed at the cor...

? 
[1

{/var/lib/texmf/fonts/map/pdftex/updmap/pdftex.map}]

! LaTeX Error: Can be used only in preamble.

See the LaTeX manual or LaTeX Companion for explanation.
Type  H <return>  for immediate help.
 ...                                              
                                                  
l.18     \AtBeginDocument
                         {%
? 
! Undefined control sequence.
l.43     \adjustboxset
                      {max size={0.9\linewidth}{0.9\paperheight}}
? 
! Missing number, treated as zero.
<to be read again> 
                   }
l.43     \adjustboxset{max size={0.9\linewidth}
                                               {0.9\paperheight}}
? 
! Illegal unit of measure (pt inserted).
<to be read again> 
                   }
l.43     \adjustboxset{max size={0.9\linewidth}
                                               {0.9\paperheight}}
? 
! Missing number, treated as zero.
<to be read again> 
                   }
l.43 ...{max size={0.9\linewidth}{0.9\paperheight}
                                                  }
? 
! Illegal unit of measure (pt inserted).
<to be read again> 
                   }
l.43 ...{max size={0.9\linewidth}{0.9\paperheight}
                                                  }
? 
! Undefined control sequence.
l.55     \definecolor
                     {urlcolor}{rgb}{0,.145,.698}
? 
! Undefined control sequence.
l.56     \definecolor
                     {linkcolor}{rgb}{.71,0.21,0.01}
? 
! Undefined control sequence.
l.57     \definecolor
                     {citecolor}{rgb}{.12,.54,.11}
? 
! Undefined control sequence.
l.60     \definecolor
                     {ansi-black}{HTML}{3E424D}
? 
! Undefined control sequence.
l.61     \definecolor
                     {ansi-black-intense}{HTML}{282C36}
? 
! Undefined control sequence.
l.62     \definecolor
                     {ansi-red}{HTML}{E75C58}
? 
! Undefined control sequence.
l.63     \definecolor
                     {ansi-red-intense}{HTML}{B22B31}
? 
! Undefined control sequence.
l.64     \definecolor
                     {ansi-green}{HTML}{00A250}
? 
! Undefined control sequence.
l.65     \definecolor
                     {ansi-green-intense}{HTML}{007427}
? 
! Undefined control sequence.
l.66     \definecolor
                     {ansi-yellow}{HTML}{DDB62B}
? 
! Undefined control sequence.
l.67     \definecolor
                     {ansi-yellow-intense}{HTML}{B27D12}
? 
! Undefined control sequence.
l.68     \definecolor
                     {ansi-blue}{HTML}{208FFB}
? 
! Undefined control sequence.
l.69     \definecolor
                     {ansi-blue-intense}{HTML}{0065CA}
? 
! Undefined control sequence.
l.70     \definecolor
                     {ansi-magenta}{HTML}{D160C4}
? 
! Undefined control sequence.
l.71     \definecolor
                     {ansi-magenta-intense}{HTML}{A03196}
? 
! Undefined control sequence.
l.72     \definecolor
                     {ansi-cyan}{HTML}{60C6C8}
? 
! Undefined control sequence.
l.73     \definecolor
                     {ansi-cyan-intense}{HTML}{258F8F}
? 
! Undefined control sequence.
l.74     \definecolor
                     {ansi-white}{HTML}{C5C1B4}
? 
! Undefined control sequence.
l.75     \definecolor
                     {ansi-white-intense}{HTML}{A1A6B2}
? 
! Undefined control sequence.
l.76     \definecolor
                     {ansi-default-inverse-fg}{HTML}{FFFFFF}
? 
! Undefined control sequence.
l.77     \definecolor
                     {ansi-default-inverse-bg}{HTML}{000000}
? 

Underfull \hbox (badness 10000) in paragraph at lines 60--78
[]\OT1/cmr/m/n/12 ansi-blackHTML3E424D ansi-black-intenseHTML282C36 ansi-
 []


Underfull \hbox (badness 1472) in paragraph at lines 60--78
\OT1/cmr/m/n/12 redHTMLE75C58 ansi-red-intenseHTMLB22B31 ansi-greenHTML00A250
 []


Underfull \hbox (badness 10000) in paragraph at lines 60--78
\OT1/cmr/m/n/12 ansi-green-intenseHTML007427 ansi-yellowHTMLDDB62B ansi-
 []


Underfull \hbox (badness 10000) in paragraph at lines 60--78
\OT1/cmr/m/n/12 yellow-intenseHTMLB27D12 ansi-blueHTML208FFB ansi-
 []


Underfull \hbox (badness 10000) in paragraph at lines 60--78
\OT1/cmr/m/n/12 blue-intenseHTML0065CA ansi-magentaHTMLD160C4 ansi-
 []


Underfull \hbox (badness 10000) in paragraph at lines 60--78
\OT1/cmr/m/n/12 magenta-intenseHTMLA03196 ansi-cyanHTML60C6C8 ansi-
 []


Underfull \hbox (badness 10000) in paragraph at lines 60--78
\OT1/cmr/m/n/12 cyan-intenseHTML258F8F ansi-whiteHTMLC5C1B4 ansi-white-
 []


Underfull \hbox (badness 1845) in paragraph at lines 60--78
\OT1/cmr/m/n/12 intenseHTMLA1A6B2 ansi-default-inverse-fgHTMLFFFFFF ansi-defaul
t-
 []

! Undefined control sequence.
l.80     \definecolor
                     {outerrorbackground}{HTML}{FFDFDF}
? 

! LaTeX Error: Command \Shaded already defined.
               Or name \end... illegal, see p.192 of the manual.

See the LaTeX manual or LaTeX Companion for explanation.
Type  H <return>  for immediate help.
 ...                                              
                                                  
l.88     \newenvironment{Shaded}{}{}
                                    
? 

! LaTeX Error: Command \KeywordTok already defined.
               Or name \end... illegal, see p.192 of the manual.

See the LaTeX manual or LaTeX Companion for explanation.
Type  H <return>  for immediate help.
 ...                                              
                                                  
l.89 ...color[rgb]{0.00,0.44,0.13}{\textbf{{#1}}}}
                                                  
? 

! LaTeX Error: Command \DataTypeTok already defined.
               Or name \end... illegal, see p.192 of the manual.

See the LaTeX manual or LaTeX Companion for explanation.
Type  H <return>  for immediate help.
 ...                                              
                                                  
l.90 ...[1]{\textcolor[rgb]{0.56,0.13,0.00}{{#1}}}
                                                  
? 

! LaTeX Error: Command \DecValTok already defined.
               Or name \end... illegal, see p.192 of the manual.

See the LaTeX manual or LaTeX Companion for explanation.
Type  H <return>  for immediate help.
 ...                                              
                                                  
l.91 ...[1]{\textcolor[rgb]{0.25,0.63,0.44}{{#1}}}
                                                  
? 

! LaTeX Error: Command \BaseNTok already defined.
               Or name \end... illegal, see p.192 of the manual.

See the LaTeX manual or LaTeX Companion for explanation.
Type  H <return>  for immediate help.
 ...                                              
                                                  
l.92 ...[1]{\textcolor[rgb]{0.25,0.63,0.44}{{#1}}}
                                                  
? 

! LaTeX Error: Command \FloatTok already defined.
               Or name \end... illegal, see p.192 of the manual.

See the LaTeX manual or LaTeX Companion for explanation.
Type  H <return>  for immediate help.
 ...                                              
                                                  
l.93 ...[1]{\textcolor[rgb]{0.25,0.63,0.44}{{#1}}}
                                                  
? 

! LaTeX Error: Command \CharTok already defined.
               Or name \end... illegal, see p.192 of the manual.

See the LaTeX manual or LaTeX Companion for explanation.
Type  H <return>  for immediate help.
 ...                                              
                                                  
l.94 ...[1]{\textcolor[rgb]{0.25,0.44,0.63}{{#1}}}
                                                  
? 

! LaTeX Error: Command \StringTok already defined.
               Or name \end... illegal, see p.192 of the manual.

See the LaTeX manual or LaTeX Companion for explanation.
Type  H <return>  for immediate help.
 ...                                              
                                                  
l.95 ...[1]{\textcolor[rgb]{0.25,0.44,0.63}{{#1}}}
                                                  
? 

! LaTeX Error: Command \CommentTok already defined.
               Or name \end... illegal, see p.192 of the manual.

See the LaTeX manual or LaTeX Companion for explanation.
Type  H <return>  for immediate help.
 ...                                              
                                                  
l.96 ...color[rgb]{0.38,0.63,0.69}{\textit{{#1}}}}
                                                  
? 

! LaTeX Error: Command \OtherTok already defined.
               Or name \end... illegal, see p.192 of the manual.

See the LaTeX manual or LaTeX Companion for explanation.
Type  H <return>  for immediate help.
 ...                                              
                                                  
l.97 ...[1]{\textcolor[rgb]{0.00,0.44,0.13}{{#1}}}
                                                  
? 

! LaTeX Error: Command \AlertTok already defined.
               Or name \end... illegal, see p.192 of the manual.

See the LaTeX manual or LaTeX Companion for explanation.
Type  H <return>  for immediate help.
 ...                                              
                                                  
l.98 ...color[rgb]{1.00,0.00,0.00}{\textbf{{#1}}}}
                                                  
? 

! LaTeX Error: Command \FunctionTok already defined.
               Or name \end... illegal, see p.192 of the manual.

See the LaTeX manual or LaTeX Companion for explanation.
Type  H <return>  for immediate help.
 ...                                              
                                                  
l.99 ...[1]{\textcolor[rgb]{0.02,0.16,0.49}{{#1}}}
                                                  
? 

! LaTeX Error: Command \RegionMarkerTok already defined.
               Or name \end... illegal, see p.192 of the manual.

See the LaTeX manual or LaTeX Companion for explanation.
Type  H <return>  for immediate help.
 ...                                              
                                                  
l.100     \newcommand{\RegionMarkerTok}[1]{{#1}}
                                                
? 

! LaTeX Error: Command \ErrorTok already defined.
               Or name \end... illegal, see p.192 of the manual.

See the LaTeX manual or LaTeX Companion for explanation.
Type  H <return>  for immediate help.
 ...                                              
                                                  
l.101 ...olor[rgb]{1.00,0.00,0.00}{\textbf{{#1}}}}
                                                  
? 

! LaTeX Error: Command \NormalTok already defined.
               Or name \end... illegal, see p.192 of the manual.

See the LaTeX manual or LaTeX Companion for explanation.
Type  H <return>  for immediate help.
 ...                                              
                                                  
l.102     \newcommand{\NormalTok}[1]{{#1}}
                                          
? 

! LaTeX Error: Command \ConstantTok already defined.
               Or name \end... illegal, see p.192 of the manual.

See the LaTeX manual or LaTeX Companion for explanation.
Type  H <return>  for immediate help.
 ...                                              
                                                  
l.105 ...1]{\textcolor[rgb]{0.53,0.00,0.00}{{#1}}}
                                                  
? 

! LaTeX Error: Command \SpecialCharTok already defined.
               Or name \end... illegal, see p.192 of the manual.

See the LaTeX manual or LaTeX Companion for explanation.
Type  H <return>  for immediate help.
 ...                                              
                                                  
l.106 ...1]{\textcolor[rgb]{0.25,0.44,0.63}{{#1}}}
                                                  
? 

! LaTeX Error: Command \VerbatimStringTok already defined.
               Or name \end... illegal, see p.192 of the manual.

See the LaTeX manual or LaTeX Companion for explanation.
Type  H <return>  for immediate help.
 ...                                              
                                                  
l.107 ...1]{\textcolor[rgb]{0.25,0.44,0.63}{{#1}}}
                                                  
? 

! LaTeX Error: Command \SpecialStringTok already defined.
               Or name \end... illegal, see p.192 of the manual.

See the LaTeX manual or LaTeX Companion for explanation.
Type  H <return>  for immediate help.
 ...                                              
                                                  
l.108 ...1]{\textcolor[rgb]{0.73,0.40,0.53}{{#1}}}
                                                  
? 

! LaTeX Error: Command \ImportTok already defined.
               Or name \end... illegal, see p.192 of the manual.

See the LaTeX manual or LaTeX Companion for explanation.
Type  H <return>  for immediate help.
 ...                                              
                                                  
l.109     \newcommand{\ImportTok}[1]{{#1}}
                                          
? 

! LaTeX Error: Command \DocumentationTok already defined.
               Or name \end... illegal, see p.192 of the manual.

See the LaTeX manual or LaTeX Companion for explanation.
Type  H <return>  for immediate help.
 ...                                              
                                                  
l.110 ...olor[rgb]{0.73,0.13,0.13}{\textit{{#1}}}}
                                                  
? 

! LaTeX Error: Command \AnnotationTok already defined.
               Or name \end... illegal, see p.192 of the manual.

See the LaTeX manual or LaTeX Companion for explanation.
Type  H <return>  for immediate help.
 ...                                              
                                                  
l.111 ...{0.38,0.63,0.69}{\textbf{\textit{{#1}}}}}
                                                  
? 

! LaTeX Error: Command \CommentVarTok already defined.
               Or name \end... illegal, see p.192 of the manual.

See the LaTeX manual or LaTeX Companion for explanation.
Type  H <return>  for immediate help.
 ...                                              
                                                  
l.112 ...{0.38,0.63,0.69}{\textbf{\textit{{#1}}}}}
                                                  
? 

! LaTeX Error: Command \VariableTok already defined.
               Or name \end... illegal, see p.192 of the manual.

See the LaTeX manual or LaTeX Companion for explanation.
Type  H <return>  for immediate help.
 ...                                              
                                                  
l.113 ...1]{\textcolor[rgb]{0.10,0.09,0.49}{{#1}}}
                                                  
? 

! LaTeX Error: Command \ControlFlowTok already defined.
               Or name \end... illegal, see p.192 of the manual.

See the LaTeX manual or LaTeX Companion for explanation.
Type  H <return>  for immediate help.
 ...                                              
                                                  
l.114 ...olor[rgb]{0.00,0.44,0.13}{\textbf{{#1}}}}
                                                  
? 

! LaTeX Error: Command \OperatorTok already defined.
               Or name \end... illegal, see p.192 of the manual.

See the LaTeX manual or LaTeX Companion for explanation.
Type  H <return>  for immediate help.
 ...                                              
                                                  
l.115 ...1]{\textcolor[rgb]{0.40,0.40,0.40}{{#1}}}
                                                  
? 

! LaTeX Error: Command \BuiltInTok already defined.
               Or name \end... illegal, see p.192 of the manual.

See the LaTeX manual or LaTeX Companion for explanation.
Type  H <return>  for immediate help.
 ...                                              
                                                  
l.116     \newcommand{\BuiltInTok}[1]{{#1}}
                                           
? 

! LaTeX Error: Command \ExtensionTok already defined.
               Or name \end... illegal, see p.192 of the manual.

See the LaTeX manual or LaTeX Companion for explanation.
Type  H <return>  for immediate help.
 ...                                              
                                                  
l.117     \newcommand{\ExtensionTok}[1]{{#1}}
                                             
? 

! LaTeX Error: Command \PreprocessorTok already defined.
               Or name \end... illegal, see p.192 of the manual.

See the LaTeX manual or LaTeX Companion for explanation.
Type  H <return>  for immediate help.
 ...                                              
                                                  
l.118 ...1]{\textcolor[rgb]{0.74,0.48,0.00}{{#1}}}
                                                  
? 

! LaTeX Error: Command \AttributeTok already defined.
               Or name \end... illegal, see p.192 of the manual.

See the LaTeX manual or LaTeX Companion for explanation.
Type  H <return>  for immediate help.
 ...                                              
                                                  
l.119 ...1]{\textcolor[rgb]{0.49,0.56,0.16}{{#1}}}
                                                  
? 

! LaTeX Error: Command \InformationTok already defined.
               Or name \end... illegal, see p.192 of the manual.

See the LaTeX manual or LaTeX Companion for explanation.
Type  H <return>  for immediate help.
 ...                                              
                                                  
l.120 ...{0.38,0.63,0.69}{\textbf{\textit{{#1}}}}}
                                                  
? 

! LaTeX Error: Command \WarningTok already defined.
               Or name \end... illegal, see p.192 of the manual.

See the LaTeX manual or LaTeX Companion for explanation.
Type  H <return>  for immediate help.
 ...                                              
                                                  
l.121 ...{0.38,0.63,0.69}{\textbf{\textit{{#1}}}}}
                                                  
? 

! LaTeX Error: Command \pandoc@box already defined.
               Or name \end... illegal, see p.192 of the manual.

See the LaTeX manual or LaTeX Companion for explanation.
Type  H <return>  for immediate help.
 ...                                              
                                                  
l.123     \newsavebox\pandoc@box
                                
? 

! LaTeX Error: Command \pandocbounded already defined.
               Or name \end... illegal, see p.192 of the manual.

See the LaTeX manual or LaTeX Companion for explanation.
Type  H <return>  for immediate help.
 ...                                              
                                                  
l.140     }
           
? 
\Wrappedcontinuationbox=\box59
\Wrappedvisiblespacebox=\box60

! LaTeX Error: Command \Wrappedvisiblespace already defined.
               Or name \end... illegal, see p.192 of the manual.

See the LaTeX manual or LaTeX Companion for explanation.
Type  H <return>  for immediate help.
 ...                                              
                                                  
l.270 ...pace {\textcolor{red}{\textvisiblespace}}
                                                  
? 

! LaTeX Error: Command \Wrappedcontinuationsymbol already defined.
               Or name \end... illegal, see p.192 of the manual.

See the LaTeX manual or LaTeX Companion for explanation.
Type  H <return>  for immediate help.
 ...                                              
                                                  
l.271 ...red}{\llap{\tiny$\m@th\hookrightarrow$}}}
                                                  
? 

! LaTeX Error: Command \Wrappedcontinuationindent already defined.
               Or name \end... illegal, see p.192 of the manual.

See the LaTeX manual or LaTeX Companion for explanation.
Type  H <return>  for immediate help.
 ...                                              
                                                  
l.272 ...command*\Wrappedcontinuationindent {3ex }
                                                  
? 

! LaTeX Error: Command \Wrappedafterbreak already defined.
               Or name \end... illegal, see p.192 of the manual.

See the LaTeX manual or LaTeX Companion for explanation.
Type  H <return>  for immediate help.
 ...                                              
                                                  
l.273 ...uationindent\copy\Wrappedcontinuationbox}
                                                  
? 

! LaTeX Error: Command \Wrappedbreaksatspecials already defined.
               Or name \end... illegal, see p.192 of the manual.

See the LaTeX manual or LaTeX Companion for explanation.
Type  H <return>  for immediate help.
 ...                                              
                                                  
l.294         }
               
? 

! LaTeX Error: Command \Wrappedbreaksatpunct already defined.
               Or name \end... illegal, see p.192 of the manual.

See the LaTeX manual or LaTeX Companion for explanation.
Type  H <return>  for immediate help.
 ...                                              
                                                  
l.313         }
               
? 
! Undefined control sequence.
l.344     \definecolor
                      {incolor}{HTML}{303F9F}
? 
! Undefined control sequence.
l.345     \definecolor
                      {outcolor}{HTML}{D84315}
? 
! Undefined control sequence.
l.346     \definecolor
                      {cellborder}{HTML}{CFCFCF}
? 
! Undefined control sequence.
l.347     \definecolor
                      {cellbackground}{HTML}{F7F7F7}
? 

! LaTeX Error: Command \boxspacing already defined.
               Or name \end... illegal, see p.192 of the manual.

See the LaTeX manual or LaTeX Companion for explanation.
Type  H <return>  for immediate help.
 ...                                              
                                                  
l.351 ...{\kern\kvtcb@left@rule\kern\kvtcb@boxsep}
                                                  
? 

! LaTeX Error: Command \prompt already defined.
               Or name \end... illegal, see p.192 of the manual.

See the LaTeX manual or LaTeX Companion for explanation.
Type  H <return>  for immediate help.
 ...                                              
                                                  
l.355     }
           
? 
Package hyperref Info: Option `breaklinks' set `true' on input line 368.

Package hyperref Warning: Option `colorlinks' has already been used,
(hyperref)                setting the option has no effect on input line 368.

! Undefined control sequence.
l.371     \geometry
                   {verbose,tmargin=1in,bmargin=1in,lmargin=1in,rmargin=1in}
? 
)

! LaTeX Error: There's no line here to end.

See the LaTeX manual or LaTeX Companion for explanation.
Type  H <return>  for immediate help.
 ...                                              
                                                  
l.23 \\e
        nd{document}
? 
)
*
(Please type a command or say `\end')
*
(Please type a command or say `\end')
*
(Please type a command or say `\end')
*
(Please type a command or say `\end')
*
(Please type a command or say `\end')
*
(Please type a command or say `\end')
*
(Please type a command or say `\end')
*
(Please type a command or say `\end')
*
(Please type a command or say `\end')
*
(Please type a command or say `\end')
*
(Please type a command or say `\end')
*
(Please type a command or say `\end')
*
(Please type a command or say `\end')
*
(Please type a command or say `\end')
*
(Please type a command or say `\end')
*
(Please type a command or say `\end')
*
(Please type a command or say `\end')
*
(Please type a command or say `\end')
*
(Please type a command or say `\end')
*
(Please type a command or say `\end')
*
(Please type a command or say `\end')
*
(Please type a command or say `\end')
*
(Please type a command or say `\end')
*
(Please type a command or say `\end')
*
(Please type a command or say `\end')
*
(Please type a command or say `\end')
*
(Please type a command or say `\end')
*
(Please type a command or say `\end')
*
(Please type a command or say `\end')
*
(Please type a command or say `\end')
*
(Please type a command or say `\end')
*
(Please type a command or say `\end')
*
(Please type a command or say `\end')
*
(Please type a command or say `\end')
*
(Please type a command or say `\end')
*
(Please type a command or say `\end')
*
(Please type a command or say `\end')
*
(Please type a command or say `\end')
*
(Please type a command or say `\end')
*
(Please type a command or say `\end')
*
(Please type a command or say `\end')
*
(Please type a command or say `\end')
*
(Please type a command or say `\end')
*
(Please type a command or say `\end')
*
(Please type a command or say `\end')
*
(Please type a command or say `\end')
*
(Please type a command or say `\end')
*
(Please type a command or say `\end')
*
(Please type a command or say `\end')
*
(Please type a command or say `\end')
*
(Please type a command or say `\end')
*
(Please type a command or say `\end')
*
(Please type a command or say `\end')
*
(Please type a command or say `\end')
*
(Please type a command or say `\end')
*
(Please type a command or say `\end')
*
(Please type a command or say `\end')
*
(Please type a command or say `\end')
*
(Please type a command or say `\end')
*
(Please type a command or say `\end')
*
(Please type a command or say `\end')
*
(Please type a command or say `\end')
*
(Please type a command or say `\end')
*
(Please type a command or say `\end')
*
(Please type a command or say `\end')
*
(Please type a command or say `\end')
*
(Please type a command or say `\end')
*
(Please type a command or say `\end')
*\end

*`\end'

! LaTeX Error: \begin{document} ended by \end{`}.

See the LaTeX manual or LaTeX Companion for explanation.
Type  H <return>  for immediate help.
 ...                                              
                                                  
<*> `
     \end'
? 
! Interruption.
\GenericError  ...                                
                                                  \endgroup 
<*> `
     \end'
? 
! Extra \endgroup.
<recently read> \endgroup 
                          
<*> `
     \end'
? 

! LaTeX Error: \begin{document} ended by \end{'}.

See the LaTeX manual or LaTeX Companion for explanation.
Type  H <return>  for immediate help.
 ...                                              
                                                  
<*> `\end'
          
? 
! Extra \endgroup.
<recently read> \endgroup 
                          
<*> `\end'
          
? 

*
(Please type a command or say `\end')
*
(Please type a command or say `\end')
*
(Please type a command or say `\end')
*
(Please type a command or say `\end')
*
(Please type a command or say `\end')
*
(Please type a command or say `\end')
*
(Please type a command or say `\end')
*
(Please type a command or say `\end')
*
(Please type a command or say `\end')
*
(Please type a command or say `\end')
*
(Please type a command or say `\end')
*
(Please type a command or say `\end')
*
(Please type a command or say `\end')
*
(Please type a command or say `\end')
*
(Please type a command or say `\end')
*
(Please type a command or say `\end')
*
(Please type a command or say `\end')
*
(Please type a command or say `\end')
*
(Please type a command or say `\end')
*
(Please type a command or say `\end')
*
(Please type a command or say `\end')
*
(Please type a command or say `\end')
*
(Please type a command or say `\end')
*
(Please type a command or say `\end')
*
(Please type a command or say `\end')
*
(Please type a command or say `\end')
*
(Please type a command or say `\end')
*
(Please type a command or say `\end')
*
(Please type a command or say `\end')
*
(Please type a command or say `\end')
*
(Please type a command or say `\end')
*
(Please type a command or say `\end')
*
(Please type a command or say `\end')
*
(Please type a command or say `\end')
*
(Please type a command or say `\end')
*
(Please type a command or say `\end')
*
(Please type a command or say `\end')
*
(Please type a command or say `\end')
*
(Please type a command or say `\end')
*
(Please type a command or say `\end')
*
(Please type a command or say `\end')
*
(Please type a command or say `\end')
*
(Please type a command or say `\end')
*
(Please type a command or say `\end')
*
(Please type a command or say `\end')
*
(Please type a command or say `\end')
*
(Please type a command or say `\end')
*
(Please type a command or say `\end')
*
(Please type a command or say `\end')
*
(Please type a command or say `\end')
*
(Please type a command or say `\end')
*
(Please type a command or say `\end')
*
(Please type a command or say `\end')
*
(Please type a command or say `\end')
*^^X

! LaTeX Error: Unicode character ^^X (U+0018)
               not set up for use with LaTeX.

See the LaTeX manual or LaTeX Companion for explanation.
Type  H <return>  for immediate help.
 ...                                              
                                                  
<*> ^^X
       
? ^^X
Type <return> to proceed, S to scroll future error messages,
R to run without stopping, Q to run quietly,
I to insert something, 
1 or ... or 9 to ignore the next 1 to 9 tokens of input,
H for help, X to quit.
? 
! Interruption.
\GenericError  ...                                
                                                  \endgroup 
<*> ^^X
       
? 

*
(Please type a command or say `\end')
*
(Please type a command or say `\end')
*
(Please type a command or say `\end')
*
(Please type a command or say `\end')
*
(Please type a command or say `\end')
*
(Please type a command or say `\end')
*
(Please type a command or say `\end')
*
(Please type a command or say `\end')
*
(Please type a command or say `\end')
*
(Please type a command or say `\end')
*
(Please type a command or say `\end')
*
(Please type a command or say `\end')
*
(Please type a command or say `\end')
*
(Please type a command or say `\end')
*
(Please type a command or say `\end')
*
(Please type a command or say `\end')
*
(Please type a command or say `\end')
*
(Please type a command or say `\end')
*
(Please type a command or say `\end')
*
(Please type a command or say `\end')
*
(Please type a command or say `\end')
*exit

*
(Please type a command or say `\end')
*
(Please type a command or say `\end')
*
(Please type a command or say `\end')
*
(Please type a command or say `\end')
*
(Please type a command or say `\end')
*
(Please type a command or say `\end')
*
(Please type a command or say `\end')
*
(Please type a command or say `\end')
*
(Please type a command or say `\end')
*
(Please type a command or say `\end')
*
(Please type a command or say `\end')
*
(Please type a command or say `\end')
*
(Please type a command or say `\end')
*
(Please type a command or say `\end')
*
(Please type a command or say `\end')
*
(Please type a command or say `\end')
*
(Please type a command or say `\end')
*
(Please type a command or say `\end')
*
(Please type a command or say `\end')
*
(Please type a command or say `\end')
*
(Please type a command or say `\end')
*
(Please type a command or say `\end')
*
(Please type a command or say `\end')
*
(Please type a command or say `\end')
*
(Please type a command or say `\end')
*
(Please type a command or say `\end')
*
(Please type a command or say `\end')
*
(Please type a command or say `\end')
*
(Please type a command or say `\end')
*
(Please type a command or say `\end')
*
(Please type a command or say `\end')
*
(Please type a command or say `\end')
*
(Please type a command or say `\end')
*
(Please type a command or say `\end')
*
(Please type a command or say `\end')
*
(Please type a command or say `\end')
*
(Please type a command or say `\end')
*
(Please type a command or say `\end')
*
(Please type a command or say `\end')
*
(Please type a command or say `\end')
*
(Please type a command or say `\end')
*
(Please type a command or say `\end')
*
(Please type a command or say `\end')
*
(Please type a command or say `\end')
*
(Please type a command or say `\end')
*
(Please type a command or say `\end')
*
(Please type a command or say `\end')
*
(Please type a command or say `\end')
*
(Please type a command or say `\end')
*
(Please type a command or say `\end')
*
(Please type a command or say `\end')
*
(Please type a command or say `\end')
*
(Please type a command or say `\end')
*
(Please type a command or say `\end')
*
(Please type a command or say `\end')
*
(Please type a command or say `\end')
*
(Please type a command or say `\end')
*
(Please type a command or say `\end')
*
(Please type a command or say `\end')
*
(Please type a command or say `\end')
*
(Please type a command or say `\end')
*
(Please type a command or say `\end')
*
(Please type a command or say `\end')
*
(Please type a command or say `\end')
*
(Please type a command or say `\end')
*
(Please type a command or say `\end')
*
(Please type a command or say `\end')
*
(Please type a command or say `\end')
*
(Please type a command or say `\end')
*
(Please type a command or say `\end')
*
(Please type a command or say `\end')
*
(Please type a command or say `\end')
*
(Please type a command or say `\end')
*
(Please type a command or say `\end')
*
(Please type a command or say `\end')
*
(Please type a command or say `\end')
*
(Please type a command or say `\end')
*
(Please type a command or say `\end')
*
(Please type a command or say `\end')
*
(Please type a command or say `\end')
*
(Please type a command or say `\end')
*
(Please type a command or say `\end')
*
(Please type a command or say `\end')
*
(Please type a command or say `\end')
*
(Please type a command or say `\end')
*
(Please type a command or say `\end')
*
(Please type a command or say `\end')
*
(Please type a command or say `\end')
*
(Please type a command or say `\end')
*
(Please type a command or say `\end')
*
(Please type a command or say `\end')
*
(Please type a command or say `\end')
*
(Please type a command or say `\end')
*
(Please type a command or say `\end')
*
(Please type a command or say `\end')
*
(Please type a command or say `\end')
*
(Please type a command or say `\end')
*
(Please type a command or say `\end')
*
(Please type a command or say `\end')
*
(Please type a command or say `\end')
*
(Please type a command or say `\end')
*
(Please type a command or say `\end')
*
(Please type a command or say `\end')
*
(Please type a command or say `\end')
*`\end'

! LaTeX Error: \begin{document} ended by \end{'}.

See the LaTeX manual or LaTeX Companion for explanation.
Type  H <return>  for immediate help.
 ...                                              
                                                  
<*> `\end'
          
? 
! Extra \endgroup.
<recently read> \endgroup 
                          
<*> `\end'
          
? 
! Emergency stop.
<recently read> \endgroup 
                          
<*> `\end'
          
End of file on the terminal!

 
Here is how much of TeX's memory you used:
 10122 strings out of 474222
 152326 string characters out of 5748733
 1928975 words of memory out of 5000000
 32273 multiletter control sequences out of 15000+600000
 561871 words of font info for 51 fonts, out of 8000000 for 9000
 1141 hyphenation exceptions out of 8191
 75i,6n,79p,279b,442s stack positions out of 10000i,1000n,20000p,200000b,200000s
!  ==> Fatal error occurred, no output PDF file produced!
