\BOOKMARK [1][-]{section.1}{\376\377\000c\000u\000t}{}% 1
\BOOKMARK [2][-]{subsection.1.1}{\376\377\000U\000s\000e\000f\000u\000l\000\040\000f\000l\000a\000g\000s}{section.1}% 2
\BOOKMARK [2][-]{subsection.1.2}{\376\377\000E\000x\000a\000m\000p\000l\000e\000\040\000u\000s\000e\000s}{section.1}% 3
\BOOKMARK [1][-]{section.2}{\376\377\000d\000a\000t\000a\000m\000a\000s\000h}{}% 4
\BOOKMARK [2][-]{subsection.2.1}{\376\377\000S\000y\000n\000t\000a\000x}{section.2}% 5
\BOOKMARK [2][-]{subsection.2.2}{\376\377\000U\000s\000e\000f\000u\000l\000\040\000o\000p\000e\000r\000a\000t\000i\000o\000n\000s}{section.2}% 6
\BOOKMARK [2][-]{subsection.2.3}{\376\377\000U\000s\000e\000f\000u\000l\000\040\000f\000l\000a\000g\000s}{section.2}% 7
\BOOKMARK [2][-]{subsection.2.4}{\376\377\000E\000x\000a\000m\000p\000l\000e\000\040\000u\000s\000e\000s}{section.2}% 8
\BOOKMARK [1][-]{section.3}{\376\377\000g\000r\000e\000p}{}% 9
\BOOKMARK [2][-]{subsection.3.1}{\376\377\000U\000s\000e\000f\000u\000l\000\040\000f\000l\000a\000g\000s}{section.3}% 10
\BOOKMARK [2][-]{subsection.3.2}{\376\377\000E\000x\000a\000m\000p\000l\000e\000\040\000u\000s\000e\000s}{section.3}% 11
\BOOKMARK [1][-]{section.4}{\376\377\000s\000o\000r\000t\000-\000u\000n\000i\000q\000-\000c\000o\000u\000n\000t\000-\000r\000a\000n\000k}{}% 12
\BOOKMARK [2][-]{subsection.4.1}{\376\377\000E\000x\000a\000m\000p\000l\000e\000\040\000u\000s\000e\000s}{section.4}% 13
\BOOKMARK [1][-]{section.5}{\376\377\000t\000r}{}% 14
\BOOKMARK [2][-]{subsection.5.1}{\376\377\000S\000y\000n\000t\000a\000x}{section.5}% 15
\BOOKMARK [2][-]{subsection.5.2}{\376\377\000U\000s\000e\000f\000u\000l\000\040\000f\000l\000a\000g\000s}{section.5}% 16
\BOOKMARK [2][-]{subsection.5.3}{\376\377\000E\000x\000a\000m\000p\000l\000e\000\040\000u\000s\000e\000s}{section.5}% 17
\BOOKMARK [1][-]{section.6}{\376\377\000w\000c}{}% 18
\BOOKMARK [2][-]{subsection.6.1}{\376\377\000U\000s\000e\000f\000u\000l\000\040\000f\000l\000a\000g\000s}{section.6}% 19
\BOOKMARK [2][-]{subsection.6.2}{\376\377\000E\000x\000a\000m\000p\000l\000e\000\040\000u\000s\000e\000s}{section.6}% 20
\BOOKMARK [1][-]{section.7}{\376\377\000w\000g\000e\000t}{}% 21
